

############################
Fri Sep 10 22:52:45 CDT 2021
/data/nil-external/ccp/freund/stroop-rsa-pc
/usr/local/freesurfer/tktools/tksurfer.bin fsaverage5 lh newfile.annot 
############################


############################
Fri Sep 10 23:01:09 CDT 2021
/data/nil-external/ccp/freund/stroop-rsa-pc
/usr/local/freesurfer/tktools/tksurfer.bin fsaverage5 lh inflated 
############################


############################
Fri Sep 10 23:02:27 CDT 2021
/data/nil-external/ccp/freund/stroop-rsa-pc
/usr/local/freesurfer/tktools/tksurfer.bin fsaverage5 lh inflated 
############################


############################
Fri Sep 10 23:06:22 CDT 2021
/data/nil-external/ccp/freund/stroop-rsa-pc
/usr/local/freesurfer/tktools/tksurfer.bin fsaverage5 lh inflated 
############################


############################
Fri Sep 10 23:07:00 CDT 2021
/data/nil-external/ccp/freund/stroop-rsa-pc
/usr/local/freesurfer/tktools/tksurfer.bin fsaverage5 lh inflated 
############################
